_________________________________________________________________________________
Generated Quads for the program
  0 : t000	=	0
  1 : reversedInteger	=	t000
  2 : t001	=	t000
  3 : param	_0
  4 : t002	=	call printStr, 1
  5 : t003	=	& err
  6 : param	t003
  7 : t004	=	call readInt, 1
  8 : n	=	t004
  9 : t005	=	t004
 10 : originalInteger	=	n
 11 : t006	=	n
 12 : t007	=	0
 13 : if  n !=t007	goto 16
 14 : goto 30
 15 : goto 30
 16 : t008	=	10
 17 : t009	=	n % t008
 18 : remainder	=	t009
 19 : t010	=	t009
 20 : t011	=	10
 21 : t012	=	reversedInteger * t011
 22 : t013	=	t012 + remainder
 23 : reversedInteger	=	t013
 24 : t014	=	t013
 25 : t015	=	10
 26 : t016	=	n / t015
 27 : n	=	t016
 28 : t017	=	t016
 29 : goto 12
 30 : if  originalInteger ==reversedInteger	goto 33
 31 : goto 36
 32 : goto 39
 33 : param	_1
 34 : t018	=	call printStr, 1
 35 : goto 39
 36 : param	_2
 37 : t019	=	call printStr, 1
 38 : goto 39
 39 : t020	=	0
 40 : return	t020
_________________________________________________________________________________
Symbol table Maintained For the Given Program
____________________________________________ Global ____________________________________________
Offset = 0
Start Quad Index = 0
End Quad Index =  0
Name	Value	var_type	size	Offset	Type

printInt	null	func		0	-1	ptr-to-St( Global )Int
readInt	null	func		0	-1	ptr-to-St( Global )Int
printStr	null	func		0	-1	ptr-to-St( Global )Int
main	null	func		0	-1	ptr-to-St( main )Int

x-x-x-x-x-x-x-x-x-x-x-x-x-x-x-x-x-x-x-x-x-x-x-x-x-x-x-x-x-x-x-x-x-x-x-x-x-x-x-x-x-x-x-x-x-x-x-
_________________________________________________________________________________
____________________________________________ main ____________________________________________
Offset = -108
Start Quad Index = 0
End Quad Index =  40
Name	Value	var_type	size	Offset	Type

retVal	null	return		4	0	Int
n	null	local		4	-4	Int
reversedInteger	null	local		4	-8	Int
remainder	null	local		4	-12	Int
originalInteger	null	local		4	-16	Int
t000	0	temp		4	-20	Int
t001	null	temp		4	-24	Int
t002	null	temp		4	-28	Int
err	null	local		4	-32	Int
t003	null	temp		8	-40	ptr(Int)
t004	null	temp		4	-44	Int
t005	null	temp		4	-48	Int
t006	null	temp		4	-52	Int
t007	0	temp		4	-56	Int
t008	10	temp		4	-60	Int
t009	null	temp		4	-64	Int
t010	null	temp		4	-68	Int
t011	10	temp		4	-72	Int
t012	null	temp		4	-76	Int
t013	null	temp		4	-80	Int
t014	null	temp		4	-84	Int
t015	10	temp		4	-88	Int
t016	null	temp		4	-92	Int
t017	null	temp		4	-96	Int
t018	null	temp		4	-100	Int
t019	null	temp		4	-104	Int
t020	0	temp		4	-108	Int

x-x-x-x-x-x-x-x-x-x-x-x-x-x-x-x-x-x-x-x-x-x-x-x-x-x-x-x-x-x-x-x-x-x-x-x-x-x-x-x-x-x-x-x-x-x-x-
