_________________________________________________________________________________
Generated Quads for the program
  0 : param	_0
  1 : t000	=	call printStr, 1
  2 : t001	=	& err
  3 : param	t001
  4 : t002	=	call readInt, 1
  5 : principal_amt	=	t002
  6 : t003	=	t002
  7 : t004	=	& err
  8 : param	t004
  9 : t005	=	call readInt, 1
 10 : rate	=	t005
 11 : t006	=	t005
 12 : t007	=	& err
 13 : param	t007
 14 : t008	=	call readInt, 1
 15 : time	=	t008
 16 : t009	=	t008
 17 : t010	=	principal_amt * rate
 18 : t011	=	t010 * time
 19 : t012	=	100
 20 : t013	=	t011 / t012
 21 : simple_interest	=	t013
 22 : t014	=	t013
 23 : param	_1
 24 : t015	=	call printStr, 1
 25 : param	simple_interest
 26 : t016	=	call printInt, 1
 27 : param	_2
 28 : t017	=	call printStr, 1
 29 : param	_3
 30 : t018	=	call printStr, 1
 31 : t019	=	0
 32 : return	t019
_________________________________________________________________________________
Symbol table Maintained For the Given Program
____________________________________________ Global ____________________________________________
Offset = 0
Start Quad Index = 0
End Quad Index =  0
Name	Value	var_type	size	Offset	Type

printInt	null	func		0	-1	ptr-to-St( Global )Int
readInt	null	func		0	-1	ptr-to-St( Global )Int
printStr	null	func		0	-1	ptr-to-St( Global )Int
main	null	func		0	-1	ptr-to-St( main )Int

x-x-x-x-x-x-x-x-x-x-x-x-x-x-x-x-x-x-x-x-x-x-x-x-x-x-x-x-x-x-x-x-x-x-x-x-x-x-x-x-x-x-x-x-x-x-x-
_________________________________________________________________________________
____________________________________________ main ____________________________________________
Offset = -112
Start Quad Index = 0
End Quad Index =  32
Name	Value	var_type	size	Offset	Type

retVal	null	return		4	0	Int
principal_amt	null	local		4	-4	Int
rate	null	local		4	-8	Int
simple_interest	null	local		4	-12	Int
time	null	local		4	-16	Int
err	null	local		4	-20	Int
t000	null	temp		4	-24	Int
t001	null	temp		8	-32	ptr(Int)
t002	null	temp		4	-36	Int
t003	null	temp		4	-40	Int
t004	null	temp		8	-48	ptr(Int)
t005	null	temp		4	-52	Int
t006	null	temp		4	-56	Int
t007	null	temp		8	-64	ptr(Int)
t008	null	temp		4	-68	Int
t009	null	temp		4	-72	Int
t010	null	temp		4	-76	Int
t011	null	temp		4	-80	Int
t012	100	temp		4	-84	Int
t013	null	temp		4	-88	Int
t014	null	temp		4	-92	Int
t015	null	temp		4	-96	Int
t016	null	temp		4	-100	Int
t017	null	temp		4	-104	Int
t018	null	temp		4	-108	Int
t019	0	temp		4	-112	Int

x-x-x-x-x-x-x-x-x-x-x-x-x-x-x-x-x-x-x-x-x-x-x-x-x-x-x-x-x-x-x-x-x-x-x-x-x-x-x-x-x-x-x-x-x-x-x-
